<?xml version="1.0" encoding="UTF-8"?>
<!-- Generated by org.testng.reporters.JUnitXMLReporter -->
<testsuite ignored="0" hostname="LAPTOP-15RETHE4" failures="1" tests="8" name="Kiran Execution" time="749.612" errors="0" timestamp="2024-12-19T17:17:55 IST">
  <testcase classname="com.crm.qa.testcases.LoginPageTest" name="login" time="0.733"/>
  <testcase classname="com.crm.qa.testcases.LoginPageTest" name="validateLoginPageTitile" time="0.026"/>
  <testcase classname="com.crm.qa.testcases.HomePageTest" name="validateHomePageTitle" time="0.019"/>
  <testcase classname="com.crm.qa.testcases.HomePageTest" name="verifyAccountHolderName" time="3.157"/>
  <testcase classname="com.crm.qa.testcases.HomePageTest" name="verifyCalendarLinkTest" time="8.139"/>
  <testcase classname="com.crm.qa.testcases.ContactPageTest" name="verifyNewContact" time="5.009"/>
  <testcase classname="com.crm.qa.testcases.ContactPageTest" name="printContactText" time="0.102">
    <failure type="java.lang.AssertionError" message="expected [Contact] but found [Contacts]">
      <![CDATA[java.lang.AssertionError: expected [Contact] but found [Contacts]
at com.crm.qa.testcases.ContactPageTest.printContactText(ContactPageTest.java:37)
at java.base/java.util.ArrayList.forEach(ArrayList.java:1511)
... Removed 33 stack frames]]>
    </failure>
  </testcase> <!-- printContactText -->
  <testcase classname="com.crm.qa.testcases.DocumentsPageTest" name="CreateNewDocument" time="1.28"/>
</testsuite> <!-- Kiran Execution -->
