<?xml version="1.0" encoding="UTF-8"?>
<!-- Generated by org.testng.reporters.JUnitXMLReporter -->
<testsuite ignored="0" hostname="LAPTOP-15RETHE4" failures="1" tests="4" name="Parallet Testing" time="62.184" errors="0" timestamp="2024-12-19T11:10:20 IST">
  <testcase classname="com.crm.qa.testcases.LoginPageTest" name="login" time="0.364"/>
  <testcase classname="com.crm.qa.testcases.ContactPageTest" name="verifyNewContact" time="3.45"/>
  <testcase classname="com.crm.qa.testcases.ContactPageTest" name="printContactText" time="0.04">
    <failure type="java.lang.AssertionError" message="expected [Contact] but found [Contacts]">
      <![CDATA[java.lang.AssertionError: expected [Contact] but found [Contacts]
at com.crm.qa.testcases.ContactPageTest.printContactText(ContactPageTest.java:37)
at java.base/java.util.ArrayList.forEach(ArrayList.java:1511)
at java.base/java.util.concurrent.FutureTask.run(FutureTask.java:264)
at java.base/java.util.concurrent.ThreadPoolExecutor.runWorker(ThreadPoolExecutor.java:1136)
at java.base/java.util.concurrent.ThreadPoolExecutor$Worker.run(ThreadPoolExecutor.java:635)
at java.base/java.lang.Thread.run(Thread.java:833)
... Removed 23 stack frames]]>
    </failure>
  </testcase> <!-- printContactText -->
  <testcase classname="com.crm.qa.testcases.LoginPageTest" name="validateLoginPageTitile" time="0.009"/>
</testsuite> <!-- Parallet Testing -->
